------------------------------------------------------------------------------------
Date: 7/29/2025 -- 18:40:57 (uptime: 0d, 00h 00m 25s)
------------------------------------------------------------------------------------
Counter                                       | TM Name                   | Value
------------------------------------------------------------------------------------
decoder.pkts                                  | Total                     | 1100929
decoder.bytes                                 | Total                     | 1347572059
decoder.ipv4                                  | Total                     | 1096205
decoder.ipv6                                  | Total                     | 2691
decoder.ethernet                              | Total                     | 1100929
decoder.tcp                                   | Total                     | 1070233
decoder.udp                                   | Total                     | 27863
decoder.icmpv4                                | Total                     | 12
decoder.icmpv6                                | Total                     | 695
decoder.avg_pkt_size                          | Total                     | 1224
decoder.max_pkt_size                          | Total                     | 23414
flow.tcp                                      | Total                     | 2016
flow.udp                                      | Total                     | 4974
flow.icmpv6                                   | Total                     | 25
flow.tcp_reuse                                | Total                     | 1
flow.wrk.spare_sync_avg                       | Total                     | 100
flow.wrk.spare_sync                           | Total                     | 64
defrag.ipv4.fragments                         | Total                     | 68
defrag.ipv4.reassembled                       | Total                     | 32
decoder.event.ipv4.opt_pad_required           | Total                     | 25
decoder.event.ipv6.zero_len_padn              | Total                     | 401
decoder.event.ipv4.frag_overlap               | Total                     | 2
flow.wrk.flows_evicted_needs_work             | Total                     | 757
flow.wrk.flows_evicted_pkt_inject             | Total                     | 1133
flow.wrk.flows_evicted                        | Total                     | 210
flow.wrk.flows_injected                       | Total                     | 729
tcp.sessions                                  | Total                     | 2013
tcp.invalid_checksum                          | Total                     | 272326
tcp.syn                                       | Total                     | 2370
tcp.synack                                    | Total                     | 2309
tcp.rst                                       | Total                     | 985
tcp.stream_depth_reached                      | Total                     | 11
tcp.reassembly_gap                            | Total                     | 2108
tcp.overlap                                   | Total                     | 2682
detect.alert                                  | Total                     | 75
detect.alerts_suppressed                      | Total                     | 391
app_layer.flow.http                           | Total                     | 489
app_layer.tx.http                             | Total                     | 1443
app_layer.flow.ftp                            | Total                     | 14
app_layer.tx.ftp                              | Total                     | 98
app_layer.flow.tls                            | Total                     | 835
app_layer.flow.ssh                            | Total                     | 16
app_layer.flow.smb                            | Total                     | 13
app_layer.tx.smb                              | Total                     | 199
app_layer.flow.dcerpc_tcp                     | Total                     | 23
app_layer.tx.dcerpc_tcp                       | Total                     | 84
app_layer.flow.ntp                            | Total                     | 86
app_layer.tx.ntp                              | Total                     | 1175
app_layer.flow.ftp-data                       | Total                     | 8
app_layer.flow.krb5_tcp                       | Total                     | 35
app_layer.tx.krb5_tcp                         | Total                     | 38
app_layer.flow.failed_tcp                     | Total                     | 54
app_layer.flow.dns_udp                        | Total                     | 4566
app_layer.tx.dns_udp                          | Total                     | 17010
app_layer.flow.krb5_udp                       | Total                     | 111
app_layer.tx.krb5_udp                         | Total                     | 222
app_layer.flow.failed_udp                     | Total                     | 211
flow.mgr.full_hash_pass                       | Total                     | 2
flow.spare                                    | Total                     | 10575
flow.mgr.rows_maxlen                          | Total                     | 3
flow.mgr.flows_checked                        | Total                     | 6582
flow.mgr.flows_notimeout                      | Total                     | 3769
flow.mgr.flows_timeout                        | Total                     | 2813
flow.mgr.flows_evicted                        | Total                     | 2813
flow.mgr.flows_evicted_needs_work             | Total                     | 729
tcp.memuse                                    | Total                     | 4849784
tcp.reassembly_memuse                         | Total                     | 7299460
http.memuse                                   | Total                     | 1398969
ftp.memuse                                    | Total                     | 33820
flow.memuse                                   | Total                     | 8961984
------------------------------------------------------------------------------------
Date: 7/29/2025 -- 18:41:05 (uptime: 0d, 00h 00m 33s)
------------------------------------------------------------------------------------
Counter                                       | TM Name                   | Value
------------------------------------------------------------------------------------
decoder.pkts                                  | Total                     | 2971201
decoder.bytes                                 | Total                     | 3581338355
decoder.ipv4                                  | Total                     | 2962511
decoder.ipv6                                  | Total                     | 4238
decoder.ethernet                              | Total                     | 2971201
decoder.tcp                                   | Total                     | 2892193
decoder.udp                                   | Total                     | 73641
decoder.icmpv4                                | Total                     | 111
decoder.icmpv6                                | Total                     | 695
decoder.avg_pkt_size                          | Total                     | 1205
decoder.max_pkt_size                          | Total                     | 23414
flow.tcp                                      | Total                     | 6651
flow.udp                                      | Total                     | 14668
flow.icmpv6                                   | Total                     | 25
flow.tcp_reuse                                | Total                     | 1
flow.wrk.spare_sync_avg                       | Total                     | 100
flow.wrk.spare_sync                           | Total                     | 176
defrag.ipv4.fragments                         | Total                     | 84
defrag.ipv4.reassembled                       | Total                     | 40
decoder.event.ipv4.opt_pad_required           | Total                     | 25
decoder.event.ipv6.zero_len_padn              | Total                     | 401
decoder.event.ipv4.frag_overlap               | Total                     | 2
flow.wrk.flows_evicted_needs_work             | Total                     | 3131
flow.wrk.flows_evicted_pkt_inject             | Total                     | 4720
flow.wrk.flows_evicted                        | Total                     | 1160
flow.wrk.flows_injected                       | Total                     | 3009
tcp.sessions                                  | Total                     | 6637
tcp.invalid_checksum                          | Total                     | 706450
tcp.syn                                       | Total                     | 7264
tcp.synack                                    | Total                     | 7105
tcp.rst                                       | Total                     | 2564
tcp.stream_depth_reached                      | Total                     | 22
tcp.reassembly_gap                            | Total                     | 5684
tcp.overlap                                   | Total                     | 4201
detect.alert                                  | Total                     | 344
detect.alerts_suppressed                      | Total                     | 837
app_layer.flow.http                           | Total                     | 1672
app_layer.tx.http                             | Total                     | 6847
app_layer.flow.ftp                            | Total                     | 33
app_layer.tx.ftp                              | Total                     | 231
app_layer.flow.tls                            | Total                     | 2826
app_layer.flow.ssh                            | Total                     | 44
app_layer.flow.smb                            | Total                     | 29
app_layer.tx.smb                              | Total                     | 319
app_layer.flow.dcerpc_tcp                     | Total                     | 29
app_layer.tx.dcerpc_tcp                       | Total                     | 98
app_layer.flow.ntp                            | Total                     | 107
app_layer.tx.ntp                              | Total                     | 2490
app_layer.flow.ftp-data                       | Total                     | 17
app_layer.flow.krb5_tcp                       | Total                     | 37
app_layer.tx.krb5_tcp                         | Total                     | 40
app_layer.flow.failed_tcp                     | Total                     | 74
app_layer.flow.dns_udp                        | Total                     | 14034
app_layer.tx.dns_udp                          | Total                     | 55465
app_layer.flow.krb5_udp                       | Total                     | 129
app_layer.tx.krb5_udp                         | Total                     | 258
app_layer.flow.failed_udp                     | Total                     | 398
flow.mgr.full_hash_pass                       | Total                     | 7
flow.spare                                    | Total                     | 9881
flow.mgr.rows_maxlen                          | Total                     | 3
flow.mgr.flows_checked                        | Total                     | 31067
flow.mgr.flows_notimeout                      | Total                     | 16564
flow.mgr.flows_timeout                        | Total                     | 14503
flow.mgr.flows_evicted                        | Total                     | 14503
flow.mgr.flows_evicted_needs_work             | Total                     | 3009
tcp.memuse                                    | Total                     | 4849904
tcp.reassembly_memuse                         | Total                     | 13089340
http.memuse                                   | Total                     | 3228420
ftp.memuse                                    | Total                     | 197
app_layer.expectations                        | Total                     | 1
flow.memuse                                   | Total                     | 9313984
------------------------------------------------------------------------------------
Date: 7/29/2025 -- 18:41:13 (uptime: 0d, 00h 00m 41s)
------------------------------------------------------------------------------------
Counter                                       | TM Name                   | Value
------------------------------------------------------------------------------------
decoder.pkts                                  | Total                     | 4198145
decoder.bytes                                 | Total                     | 4741132043
decoder.ipv4                                  | Total                     | 4178943
decoder.ipv6                                  | Total                     | 7450
decoder.ethernet                              | Total                     | 4198145
decoder.tcp                                   | Total                     | 3996814
decoder.udp                                   | Total                     | 188633
decoder.icmpv4                                | Total                     | 118
decoder.icmpv6                                | Total                     | 695
decoder.avg_pkt_size                          | Total                     | 1129
decoder.max_pkt_size                          | Total                     | 23414
flow.tcp                                      | Total                     | 32916
flow.udp                                      | Total                     | 60449
flow.icmpv6                                   | Total                     | 25
flow.tcp_reuse                                | Total                     | 5
flow.wrk.spare_sync_avg                       | Total                     | 100
flow.wrk.spare_sync                           | Total                     | 689
defrag.ipv4.fragments                         | Total                     | 108
defrag.ipv4.reassembled                       | Total                     | 52
decoder.event.ipv4.opt_pad_required           | Total                     | 25
decoder.event.ipv6.zero_len_padn              | Total                     | 401
decoder.event.ipv4.frag_overlap               | Total                     | 2
flow.wrk.flows_evicted_needs_work             | Total                     | 20942
flow.wrk.flows_evicted_pkt_inject             | Total                     | 32047
flow.wrk.flows_evicted                        | Total                     | 4390
flow.wrk.flows_injected                       | Total                     | 20436
tcp.sessions                                  | Total                     | 32757
tcp.invalid_checksum                          | Total                     | 944610
tcp.syn                                       | Total                     | 34663
tcp.synack                                    | Total                     | 34374
tcp.rst                                       | Total                     | 12021
tcp.stream_depth_reached                      | Total                     | 55
tcp.reassembly_gap                            | Total                     | 21170
tcp.overlap                                   | Total                     | 13240
detect.alert                                  | Total                     | 655
detect.alerts_suppressed                      | Total                     | 1660
app_layer.flow.http                           | Total                     | 6286
app_layer.tx.http                             | Total                     | 25456
app_layer.flow.ftp                            | Total                     | 133
app_layer.tx.ftp                              | Total                     | 1104
app_layer.flow.tls                            | Total                     | 17155
app_layer.flow.ssh                            | Total                     | 309
app_layer.flow.smb                            | Total                     | 123
app_layer.tx.smb                              | Total                     | 1166
app_layer.flow.dcerpc_tcp                     | Total                     | 53
app_layer.tx.dcerpc_tcp                       | Total                     | 149
app_layer.flow.ntp                            | Total                     | 246
app_layer.tx.ntp                              | Total                     | 5334
app_layer.flow.ftp-data                       | Total                     | 77
app_layer.flow.krb5_tcp                       | Total                     | 42
app_layer.tx.krb5_tcp                         | Total                     | 46
app_layer.flow.failed_tcp                     | Total                     | 202
app_layer.flow.dns_udp                        | Total                     | 58835
app_layer.tx.dns_udp                          | Total                     | 230652
app_layer.flow.krb5_udp                       | Total                     | 177
app_layer.tx.krb5_udp                         | Total                     | 354
app_layer.flow.failed_udp                     | Total                     | 1191
flow.mgr.full_hash_pass                       | Total                     | 41
flow.spare                                    | Total                     | 10477
flow.mgr.rows_maxlen                          | Total                     | 3
flow.mgr.flows_checked                        | Total                     | 166096
flow.mgr.flows_notimeout                      | Total                     | 81270
flow.mgr.flows_timeout                        | Total                     | 84826
flow.mgr.flows_evicted                        | Total                     | 84826
flow.mgr.flows_evicted_needs_work             | Total                     | 20436
tcp.memuse                                    | Total                     | 4849704
tcp.reassembly_memuse                         | Total                     | 8030664
http.memuse                                   | Total                     | 2332709
ftp.memuse                                    | Total                     | 21729
app_layer.expectations                        | Total                     | 1
flow.memuse                                   | Total                     | 8992064
------------------------------------------------------------------------------------
Date: 7/29/2025 -- 18:41:21 (uptime: 0d, 00h 00m 49s)
------------------------------------------------------------------------------------
Counter                                       | TM Name                   | Value
------------------------------------------------------------------------------------
decoder.pkts                                  | Total                     | 6607425
decoder.bytes                                 | Total                     | 6386556605
decoder.ipv4                                  | Total                     | 6557658
decoder.ipv6                                  | Total                     | 17150
decoder.ethernet                              | Total                     | 6607425
decoder.tcp                                   | Total                     | 6130880
decoder.udp                                   | Total                     | 442805
decoder.icmpv4                                | Total                     | 225
decoder.icmpv6                                | Total                     | 710
decoder.avg_pkt_size                          | Total                     | 966
decoder.max_pkt_size                          | Total                     | 23414
flow.tcp                                      | Total                     | 57328
flow.udp                                      | Total                     | 102882
flow.icmpv4                                   | Total                     | 4
flow.icmpv6                                   | Total                     | 30
flow.tcp_reuse                                | Total                     | 47
flow.wrk.spare_sync_avg                       | Total                     | 100
flow.wrk.spare_sync                           | Total                     | 1160
defrag.ipv4.fragments                         | Total                     | 152
defrag.ipv4.reassembled                       | Total                     | 74
decoder.event.ipv4.opt_pad_required           | Total                     | 36
decoder.event.ipv6.zero_len_padn              | Total                     | 401
decoder.event.ipv4.frag_overlap               | Total                     | 2
flow.wrk.flows_evicted_needs_work             | Total                     | 37856
flow.wrk.flows_evicted_pkt_inject             | Total                     | 57691
flow.wrk.flows_evicted                        | Total                     | 7811
flow.wrk.flows_injected                       | Total                     | 36973
tcp.sessions                                  | Total                     | 56702
tcp.invalid_checksum                          | Total                     | 1095279
tcp.syn                                       | Total                     | 60041
tcp.synack                                    | Total                     | 58720
tcp.rst                                       | Total                     | 22709
tcp.stream_depth_reached                      | Total                     | 73
tcp.reassembly_gap                            | Total                     | 33511
tcp.overlap                                   | Total                     | 23463
detect.alert                                  | Total                     | 823
detect.alerts_suppressed                      | Total                     | 1918
app_layer.flow.http                           | Total                     | 10398
app_layer.tx.http                             | Total                     | 35661
app_layer.flow.ftp                            | Total                     | 307
app_layer.tx.ftp                              | Total                     | 2322
app_layer.flow.tls                            | Total                     | 30709
app_layer.flow.ssh                            | Total                     | 660
app_layer.flow.smb                            | Total                     | 202
app_layer.tx.smb                              | Total                     | 1972
app_layer.flow.dcerpc_tcp                     | Total                     | 86
app_layer.tx.dcerpc_tcp                       | Total                     | 219
app_layer.flow.dns_tcp                        | Total                     | 1
app_layer.tx.dns_tcp                          | Total                     | 2
app_layer.flow.ntp                            | Total                     | 885
app_layer.tx.ntp                              | Total                     | 6163
app_layer.flow.ftp-data                       | Total                     | 157
app_layer.flow.krb5_tcp                       | Total                     | 55
app_layer.tx.krb5_tcp                         | Total                     | 59
app_layer.flow.failed_tcp                     | Total                     | 285
app_layer.flow.dns_udp                        | Total                     | 99788
app_layer.tx.dns_udp                          | Total                     | 387757
app_layer.flow.krb5_udp                       | Total                     | 243
app_layer.tx.krb5_udp                         | Total                     | 486
app_layer.flow.failed_udp                     | Total                     | 1966
flow.mgr.full_hash_pass                       | Total                     | 77
flow.spare                                    | Total                     | 10616
flow.mgr.rows_maxlen                          | Total                     | 3
flow.mgr.flows_checked                        | Total                     | 289198
flow.mgr.flows_notimeout                      | Total                     | 139545
flow.mgr.flows_timeout                        | Total                     | 149653
flow.mgr.flows_evicted                        | Total                     | 149653
flow.mgr.flows_evicted_needs_work             | Total                     | 36973
tcp.memuse                                    | Total                     | 4849744
tcp.reassembly_memuse                         | Total                     | 7406436
http.memuse                                   | Total                     | 2387379
ftp.memuse                                    | Total                     | 9654
app_layer.expectations                        | Total                     | 3
flow.memuse                                   | Total                     | 8705344
------------------------------------------------------------------------------------
Date: 7/29/2025 -- 18:41:28 (uptime: 0d, 00h 00m 56s)
------------------------------------------------------------------------------------
Counter                                       | TM Name                   | Value
------------------------------------------------------------------------------------
decoder.pkts                                  | Total                     | 9322025
decoder.bytes                                 | Total                     | 7992634369
decoder.ipv4                                  | Total                     | 9240815
decoder.ipv6                                  | Total                     | 28030
decoder.ethernet                              | Total                     | 9322025
decoder.tcp                                   | Total                     | 8538148
decoder.udp                                   | Total                     | 726608
decoder.icmpv4                                | Total                     | 1429
decoder.icmpv6                                | Total                     | 2342
decoder.avg_pkt_size                          | Total                     | 857
decoder.max_pkt_size                          | Total                     | 23414
flow.tcp                                      | Total                     | 162548
flow.udp                                      | Total                     | 171755
flow.icmpv4                                   | Total                     | 68
flow.icmpv6                                   | Total                     | 60
flow.tcp_reuse                                | Total                     | 1784
flow.wrk.spare_sync_avg                       | Total                     | 100
flow.wrk.spare_sync                           | Total                     | 2506
defrag.ipv4.fragments                         | Total                     | 188
defrag.ipv4.reassembled                       | Total                     | 92
decoder.event.ipv4.opt_pad_required           | Total                     | 130
decoder.event.icmpv4.unknown_code             | Total                     | 322
decoder.event.ipv6.zero_len_padn              | Total                     | 1660
decoder.event.ipv4.frag_overlap               | Total                     | 2
flow.wrk.flows_evicted_needs_work             | Total                     | 65905
flow.wrk.flows_evicted_pkt_inject             | Total                     | 100153
flow.wrk.flows_evicted                        | Total                     | 21020
flow.wrk.flows_injected                       | Total                     | 63941
tcp.sessions                                  | Total                     | 159515
tcp.invalid_checksum                          | Total                     | 1304002
tcp.syn                                       | Total                     | 230820
tcp.synack                                    | Total                     | 103468
tcp.rst                                       | Total                     | 105855
tcp.stream_depth_reached                      | Total                     | 136
tcp.reassembly_gap                            | Total                     | 56247
tcp.overlap                                   | Total                     | 41392
detect.alert                                  | Total                     | 25245
detect.alerts_suppressed                      | Total                     | 3520
app_layer.flow.http                           | Total                     | 17176
app_layer.tx.http                             | Total                     | 52293
app_layer.flow.ftp                            | Total                     | 522
app_layer.tx.ftp                              | Total                     | 3785
app_layer.flow.tls                            | Total                     | 53143
app_layer.flow.ssh                            | Total                     | 1107
app_layer.flow.smb                            | Total                     | 649
app_layer.tx.smb                              | Total                     | 4771
app_layer.flow.dcerpc_tcp                     | Total                     | 159
app_layer.tx.dcerpc_tcp                       | Total                     | 414
app_layer.flow.dns_tcp                        | Total                     | 1
app_layer.tx.dns_tcp                          | Total                     | 2
app_layer.flow.ntp                            | Total                     | 1464
app_layer.tx.ntp                              | Total                     | 7097
app_layer.flow.ftp-data                       | Total                     | 267
app_layer.flow.krb5_tcp                       | Total                     | 113
app_layer.tx.krb5_tcp                         | Total                     | 133
app_layer.flow.failed_tcp                     | Total                     | 486
app_layer.flow.dns_udp                        | Total                     | 166356
app_layer.tx.dns_udp                          | Total                     | 644726
app_layer.flow.krb5_udp                       | Total                     | 313
app_layer.tx.krb5_udp                         | Total                     | 626
app_layer.flow.failed_udp                     | Total                     | 3622
flow.mgr.full_hash_pass                       | Total                     | 120
flow.spare                                    | Total                     | 11108
flow.mgr.rows_maxlen                          | Total                     | 4
flow.mgr.flows_checked                        | Total                     | 566889
flow.mgr.flows_notimeout                      | Total                     | 255773
flow.mgr.flows_timeout                        | Total                     | 311116
flow.mgr.flows_evicted                        | Total                     | 311116
flow.mgr.flows_evicted_needs_work             | Total                     | 63638
tcp.memuse                                    | Total                     | 4849664
tcp.reassembly_memuse                         | Total                     | 786432
ftp.memuse                                    | Total                     | 6
flow.memuse                                   | Total                     | 9058624
