29/7/2025 -- 18:40:32 - <Notice> - This is Suricata version 6.0.10 RELEASE running in USER mode
29/7/2025 -- 18:40:32 - <Info> - CPUs/cores online: 8
29/7/2025 -- 18:40:32 - <Info> - fast output device (regular) initialized: fast.log
29/7/2025 -- 18:40:32 - <Info> - eve-log output device (regular) initialized: eve.json
29/7/2025 -- 18:40:32 - <Info> - stats output device (regular) initialized: stats.log
29/7/2025 -- 18:40:39 - <Info> - 52 rule files processed. 43926 rules successfully loaded, 0 rules failed
29/7/2025 -- 18:40:39 - <Info> - Threshold config parsed: 0 rule(s) found
29/7/2025 -- 18:40:39 - <Info> - 43929 signatures processed. 951 are IP-only rules, 5103 are inspecting packet payload, 37845 inspect application layer, 0 are decoder event only
29/7/2025 -- 18:40:49 - <Info> - Using unix socket file '/var/run/suricata-command.socket'
29/7/2025 -- 18:40:49 - <Warning> - [ERRCODE: SC_ERR_INITIALIZATION(45)] - Unix socket: UNIX socket bind(/var/run/suricata-command.socket) error: Address already in use
29/7/2025 -- 18:40:49 - <Warning> - [ERRCODE: SC_ERR_INITIALIZATION(45)] - Unable to create unix command socket
29/7/2025 -- 18:40:49 - <Notice> - all 9 packet processing threads, 4 management threads initialized, engine started.
29/7/2025 -- 18:40:49 - <Info> - Starting file run for /home/shikhar/Downloads/Thursday-WorkingHours.pcap
29/7/2025 -- 18:40:49 - <Info> - No packets with invalid checksum, assuming checksum offloading is NOT used
29/7/2025 -- 18:41:28 - <Info> - pcap file /home/shikhar/Downloads/Thursday-WorkingHours.pcap end of file reached (pcap err code 0)
29/7/2025 -- 18:41:28 - <Notice> - Signal Received.  Stopping engine.
29/7/2025 -- 18:41:28 - <Info> - time elapsed 39.246s
29/7/2025 -- 18:41:28 - <Notice> - Pcap-file module read 1 files, 9322025 packets, 7992634369 bytes
29/7/2025 -- 18:41:28 - <Info> - Alerts: 25245
29/7/2025 -- 18:41:28 - <Info> - cleaning up signature grouping structure... complete
